<?xml version="1.0" encoding="UTF-8"?>
<testsuite xmlns:xsi="http://www.w3.org/2001/XMLSchema-instance" xsi:noNamespaceSchemaLocation="https://maven.apache.org/surefire/maven-surefire-plugin/xsd/surefire-test-report.xsd" name="leomessi.uno.AppTest" time="0.004" tests="1" errors="0" skipped="0" failures="0">
  <properties>
    <property name="java.specification.version" value="23"/>
    <property name="sun.jnu.encoding" value="UTF-8"/>
    <property name="java.class.path" value="/Users/andres/Documents/TTU/uno/target/test-classes:/Users/andres/Documents/TTU/uno/target/classes:/Users/andres/.m2/repository/org/openjfx/javafx-controls/17.0.13/javafx-controls-17.0.13.jar:/Users/andres/.m2/repository/org/openjfx/javafx-controls/17.0.13/javafx-controls-17.0.13-mac-aarch64.jar:/Users/andres/.m2/repository/org/openjfx/javafx-graphics/17.0.13/javafx-graphics-17.0.13.jar:/Users/andres/.m2/repository/org/openjfx/javafx-graphics/17.0.13/javafx-graphics-17.0.13-mac-aarch64.jar:/Users/andres/.m2/repository/org/openjfx/javafx-base/17.0.13/javafx-base-17.0.13.jar:/Users/andres/.m2/repository/org/openjfx/javafx-base/17.0.13/javafx-base-17.0.13-mac-aarch64.jar:/Users/andres/.m2/repository/org/openjfx/javafx-fxml/17.0.13/javafx-fxml-17.0.13.jar:/Users/andres/.m2/repository/org/openjfx/javafx-fxml/17.0.13/javafx-fxml-17.0.13-mac-aarch64.jar:/Users/andres/.m2/repository/org/junit/jupiter/junit-jupiter-api/5.4.2/junit-jupiter-api-5.4.2.jar:/Users/andres/.m2/repository/org/apiguardian/apiguardian-api/1.0.0/apiguardian-api-1.0.0.jar:/Users/andres/.m2/repository/org/opentest4j/opentest4j/1.1.1/opentest4j-1.1.1.jar:/Users/andres/.m2/repository/org/junit/platform/junit-platform-commons/1.4.2/junit-platform-commons-1.4.2.jar:/Users/andres/.m2/repository/org/junit/jupiter/junit-jupiter-engine/5.4.2/junit-jupiter-engine-5.4.2.jar:/Users/andres/.m2/repository/org/junit/platform/junit-platform-engine/1.4.2/junit-platform-engine-1.4.2.jar:/Users/andres/.m2/repository/org/hamcrest/hamcrest-library/2.1/hamcrest-library-2.1.jar:/Users/andres/.m2/repository/org/hamcrest/hamcrest-core/2.1/hamcrest-core-2.1.jar:/Users/andres/.m2/repository/org/hamcrest/hamcrest/2.1/hamcrest-2.1.jar:/Users/andres/.m2/repository/org/testfx/testfx-core/4.0.15-alpha/testfx-core-4.0.15-alpha.jar:/Users/andres/.m2/repository/org/assertj/assertj-core/3.11.1/assertj-core-3.11.1.jar:/Users/andres/.m2/repository/org/testfx/testfx-junit5/4.0.15-alpha/testfx-junit5-4.0.15-alpha.jar:/Users/andres/.m2/repository/org/testfx/openjfx-monocle/jdk-11+26/openjfx-monocle-jdk-11+26.jar:/Users/andres/.m2/repository/org/openjfx/javafx-base/11-ea+25/javafx-base-11-ea+25-win.jar:/Users/andres/.m2/repository/org/openjfx/javafx-base/11-ea+25/javafx-base-11-ea+25-mac.jar:/Users/andres/.m2/repository/org/openjfx/javafx-controls/11-ea+25/javafx-controls-11-ea+25-win.jar:/Users/andres/.m2/repository/org/openjfx/javafx-controls/11-ea+25/javafx-controls-11-ea+25-mac.jar:/Users/andres/.m2/repository/org/openjfx/javafx-graphics/11-ea+25/javafx-graphics-11-ea+25-win.jar:/Users/andres/.m2/repository/org/openjfx/javafx-graphics/11-ea+25/javafx-graphics-11-ea+25-mac.jar:/Users/andres/.m2/repository/ch/qos/logback/logback-classic/1.2.3/logback-classic-1.2.3.jar:/Users/andres/.m2/repository/ch/qos/logback/logback-core/1.2.3/logback-core-1.2.3.jar:/Users/andres/.m2/repository/org/slf4j/slf4j-api/1.7.25/slf4j-api-1.7.25.jar:/Users/andres/.m2/repository/commons-io/commons-io/2.6/commons-io-2.6.jar:/Users/andres/.m2/repository/com/jfoenix/jfoenix/9.0.9/jfoenix-9.0.9.jar:/Users/andres/.m2/repository/io/datafx/datafx/8.0.1/datafx-8.0.1.jar:/Users/andres/.m2/repository/io/datafx/flow/8.0.1/flow-8.0.1.jar:/Users/andres/.m2/repository/io/datafx/core/8.0.1/core-8.0.1.jar:/Users/andres/.m2/repository/io/datafx/injection/8.0.1/injection-8.0.1.jar:/Users/andres/.m2/repository/javax/annotation/javax.annotation-api/1.3.2/javax.annotation-api-1.3.2.jar:/Users/andres/.m2/repository/javax/inject/javax.inject/1/javax.inject-1.jar:/Users/andres/.m2/repository/org/javassist/javassist/3.25.0-GA/javassist-3.25.0-GA.jar:/Users/andres/.m2/repository/jakarta/websocket/jakarta.websocket-api/2.1.0/jakarta.websocket-api-2.1.0.jar:/Users/andres/.m2/repository/org/glassfish/tyrus/tyrus-server/2.1.3/tyrus-server-2.1.3.jar:/Users/andres/.m2/repository/jakarta/xml/bind/jakarta.xml.bind-api/4.0.0/jakarta.xml.bind-api-4.0.0.jar:/Users/andres/.m2/repository/jakarta/activation/jakarta.activation-api/2.1.0/jakarta.activation-api-2.1.0.jar:/Users/andres/.m2/repository/org/glassfish/tyrus/tyrus-container-grizzly-client/2.1.3/tyrus-container-grizzly-client-2.1.3.jar:/Users/andres/.m2/repository/org/glassfish/tyrus/tyrus-client/2.1.3/tyrus-client-2.1.3.jar:/Users/andres/.m2/repository/org/glassfish/tyrus/tyrus-core/2.1.3/tyrus-core-2.1.3.jar:/Users/andres/.m2/repository/org/glassfish/tyrus/tyrus-spi/2.1.3/tyrus-spi-2.1.3.jar:/Users/andres/.m2/repository/jakarta/websocket/jakarta.websocket-client-api/2.1.0/jakarta.websocket-client-api-2.1.0.jar:/Users/andres/.m2/repository/org/glassfish/tyrus/tyrus-container-grizzly-server/2.1.3/tyrus-container-grizzly-server-2.1.3.jar:/Users/andres/.m2/repository/org/glassfish/grizzly/grizzly-framework/4.0.0/grizzly-framework-4.0.0.jar:/Users/andres/.m2/repository/org/glassfish/grizzly/grizzly-http-server/4.0.0/grizzly-http-server-4.0.0.jar:/Users/andres/.m2/repository/org/glassfish/grizzly/grizzly-http/4.0.0/grizzly-http-4.0.0.jar:/Users/andres/.m2/repository/org/glassfish/tyrus/bundles/tyrus-standalone-client-jdk/2.1.3/tyrus-standalone-client-jdk-2.1.3.jar:/Users/andres/.m2/repository/javax/websocket/javax.websocket-api/1.1/javax.websocket-api-1.1.jar:"/>
    <property name="java.vm.vendor" value="Homebrew"/>
    <property name="sun.arch.data.model" value="64"/>
    <property name="java.vendor.url" value="https://github.com/Homebrew/homebrew-core/issues"/>
    <property name="os.name" value="Mac OS X"/>
    <property name="java.vm.specification.version" value="23"/>
    <property name="sun.java.launcher" value="SUN_STANDARD"/>
    <property name="user.country" value="US"/>
    <property name="sun.boot.library.path" value="/opt/homebrew/Cellar/openjdk/23.0.1/libexec/openjdk.jdk/Contents/Home/lib"/>
    <property name="sun.java.command" value="/Users/andres/Documents/TTU/uno/target/surefire/surefirebooter9943660222539097758.jar /Users/andres/Documents/TTU/uno/target/surefire 2024-11-06T23-06-19_086-jvmRun1 surefire5451347210948516838tmp surefire_016996178262069888263tmp"/>
    <property name="http.nonProxyHosts" value="local|*.local|169.254/16|*.169.254/16"/>
    <property name="jdk.debug" value="release"/>
    <property name="surefire.test.class.path" value="/Users/andres/Documents/TTU/uno/target/test-classes:/Users/andres/Documents/TTU/uno/target/classes:/Users/andres/.m2/repository/org/openjfx/javafx-controls/17.0.13/javafx-controls-17.0.13.jar:/Users/andres/.m2/repository/org/openjfx/javafx-controls/17.0.13/javafx-controls-17.0.13-mac-aarch64.jar:/Users/andres/.m2/repository/org/openjfx/javafx-graphics/17.0.13/javafx-graphics-17.0.13.jar:/Users/andres/.m2/repository/org/openjfx/javafx-graphics/17.0.13/javafx-graphics-17.0.13-mac-aarch64.jar:/Users/andres/.m2/repository/org/openjfx/javafx-base/17.0.13/javafx-base-17.0.13.jar:/Users/andres/.m2/repository/org/openjfx/javafx-base/17.0.13/javafx-base-17.0.13-mac-aarch64.jar:/Users/andres/.m2/repository/org/openjfx/javafx-fxml/17.0.13/javafx-fxml-17.0.13.jar:/Users/andres/.m2/repository/org/openjfx/javafx-fxml/17.0.13/javafx-fxml-17.0.13-mac-aarch64.jar:/Users/andres/.m2/repository/org/junit/jupiter/junit-jupiter-api/5.4.2/junit-jupiter-api-5.4.2.jar:/Users/andres/.m2/repository/org/apiguardian/apiguardian-api/1.0.0/apiguardian-api-1.0.0.jar:/Users/andres/.m2/repository/org/opentest4j/opentest4j/1.1.1/opentest4j-1.1.1.jar:/Users/andres/.m2/repository/org/junit/platform/junit-platform-commons/1.4.2/junit-platform-commons-1.4.2.jar:/Users/andres/.m2/repository/org/junit/jupiter/junit-jupiter-engine/5.4.2/junit-jupiter-engine-5.4.2.jar:/Users/andres/.m2/repository/org/junit/platform/junit-platform-engine/1.4.2/junit-platform-engine-1.4.2.jar:/Users/andres/.m2/repository/org/hamcrest/hamcrest-library/2.1/hamcrest-library-2.1.jar:/Users/andres/.m2/repository/org/hamcrest/hamcrest-core/2.1/hamcrest-core-2.1.jar:/Users/andres/.m2/repository/org/hamcrest/hamcrest/2.1/hamcrest-2.1.jar:/Users/andres/.m2/repository/org/testfx/testfx-core/4.0.15-alpha/testfx-core-4.0.15-alpha.jar:/Users/andres/.m2/repository/org/assertj/assertj-core/3.11.1/assertj-core-3.11.1.jar:/Users/andres/.m2/repository/org/testfx/testfx-junit5/4.0.15-alpha/testfx-junit5-4.0.15-alpha.jar:/Users/andres/.m2/repository/org/testfx/openjfx-monocle/jdk-11+26/openjfx-monocle-jdk-11+26.jar:/Users/andres/.m2/repository/org/openjfx/javafx-base/11-ea+25/javafx-base-11-ea+25-win.jar:/Users/andres/.m2/repository/org/openjfx/javafx-base/11-ea+25/javafx-base-11-ea+25-mac.jar:/Users/andres/.m2/repository/org/openjfx/javafx-controls/11-ea+25/javafx-controls-11-ea+25-win.jar:/Users/andres/.m2/repository/org/openjfx/javafx-controls/11-ea+25/javafx-controls-11-ea+25-mac.jar:/Users/andres/.m2/repository/org/openjfx/javafx-graphics/11-ea+25/javafx-graphics-11-ea+25-win.jar:/Users/andres/.m2/repository/org/openjfx/javafx-graphics/11-ea+25/javafx-graphics-11-ea+25-mac.jar:/Users/andres/.m2/repository/ch/qos/logback/logback-classic/1.2.3/logback-classic-1.2.3.jar:/Users/andres/.m2/repository/ch/qos/logback/logback-core/1.2.3/logback-core-1.2.3.jar:/Users/andres/.m2/repository/org/slf4j/slf4j-api/1.7.25/slf4j-api-1.7.25.jar:/Users/andres/.m2/repository/commons-io/commons-io/2.6/commons-io-2.6.jar:/Users/andres/.m2/repository/com/jfoenix/jfoenix/9.0.9/jfoenix-9.0.9.jar:/Users/andres/.m2/repository/io/datafx/datafx/8.0.1/datafx-8.0.1.jar:/Users/andres/.m2/repository/io/datafx/flow/8.0.1/flow-8.0.1.jar:/Users/andres/.m2/repository/io/datafx/core/8.0.1/core-8.0.1.jar:/Users/andres/.m2/repository/io/datafx/injection/8.0.1/injection-8.0.1.jar:/Users/andres/.m2/repository/javax/annotation/javax.annotation-api/1.3.2/javax.annotation-api-1.3.2.jar:/Users/andres/.m2/repository/javax/inject/javax.inject/1/javax.inject-1.jar:/Users/andres/.m2/repository/org/javassist/javassist/3.25.0-GA/javassist-3.25.0-GA.jar:/Users/andres/.m2/repository/jakarta/websocket/jakarta.websocket-api/2.1.0/jakarta.websocket-api-2.1.0.jar:/Users/andres/.m2/repository/org/glassfish/tyrus/tyrus-server/2.1.3/tyrus-server-2.1.3.jar:/Users/andres/.m2/repository/jakarta/xml/bind/jakarta.xml.bind-api/4.0.0/jakarta.xml.bind-api-4.0.0.jar:/Users/andres/.m2/repository/jakarta/activation/jakarta.activation-api/2.1.0/jakarta.activation-api-2.1.0.jar:/Users/andres/.m2/repository/org/glassfish/tyrus/tyrus-container-grizzly-client/2.1.3/tyrus-container-grizzly-client-2.1.3.jar:/Users/andres/.m2/repository/org/glassfish/tyrus/tyrus-client/2.1.3/tyrus-client-2.1.3.jar:/Users/andres/.m2/repository/org/glassfish/tyrus/tyrus-core/2.1.3/tyrus-core-2.1.3.jar:/Users/andres/.m2/repository/org/glassfish/tyrus/tyrus-spi/2.1.3/tyrus-spi-2.1.3.jar:/Users/andres/.m2/repository/jakarta/websocket/jakarta.websocket-client-api/2.1.0/jakarta.websocket-client-api-2.1.0.jar:/Users/andres/.m2/repository/org/glassfish/tyrus/tyrus-container-grizzly-server/2.1.3/tyrus-container-grizzly-server-2.1.3.jar:/Users/andres/.m2/repository/org/glassfish/grizzly/grizzly-framework/4.0.0/grizzly-framework-4.0.0.jar:/Users/andres/.m2/repository/org/glassfish/grizzly/grizzly-http-server/4.0.0/grizzly-http-server-4.0.0.jar:/Users/andres/.m2/repository/org/glassfish/grizzly/grizzly-http/4.0.0/grizzly-http-4.0.0.jar:/Users/andres/.m2/repository/org/glassfish/tyrus/bundles/tyrus-standalone-client-jdk/2.1.3/tyrus-standalone-client-jdk-2.1.3.jar:/Users/andres/.m2/repository/javax/websocket/javax.websocket-api/1.1/javax.websocket-api-1.1.jar:"/>
    <property name="sun.cpu.endian" value="little"/>
    <property name="user.home" value="/Users/andres"/>
    <property name="user.language" value="en"/>
    <property name="java.specification.vendor" value="Oracle Corporation"/>
    <property name="java.version.date" value="2024-10-15"/>
    <property name="java.home" value="/opt/homebrew/Cellar/openjdk/23.0.1/libexec/openjdk.jdk/Contents/Home"/>
    <property name="file.separator" value="/"/>
    <property name="basedir" value="/Users/andres/Documents/TTU/uno"/>
    <property name="java.vm.compressedOopsMode" value="Zero based"/>
    <property name="line.separator" value="&#10;"/>
    <property name="java.vm.specification.vendor" value="Oracle Corporation"/>
    <property name="java.specification.name" value="Java Platform API Specification"/>
    <property name="apple.awt.application.name" value="ForkedBooter"/>
    <property name="surefire.real.class.path" value="/Users/andres/Documents/TTU/uno/target/surefire/surefirebooter9943660222539097758.jar"/>
    <property name="sun.management.compiler" value="HotSpot 64-Bit Tiered Compilers"/>
    <property name="ftp.nonProxyHosts" value="local|*.local|169.254/16|*.169.254/16"/>
    <property name="java.runtime.version" value="23.0.1"/>
    <property name="user.name" value="andres"/>
    <property name="stdout.encoding" value="UTF-8"/>
    <property name="path.separator" value=":"/>
    <property name="os.version" value="15.1"/>
    <property name="java.runtime.name" value="OpenJDK Runtime Environment"/>
    <property name="file.encoding" value="UTF-8"/>
    <property name="java.vm.name" value="OpenJDK 64-Bit Server VM"/>
    <property name="java.vendor.version" value="Homebrew"/>
    <property name="localRepository" value="/Users/andres/.m2/repository"/>
    <property name="java.vendor.url.bug" value="https://github.com/Homebrew/homebrew-core/issues"/>
    <property name="java.io.tmpdir" value="/var/folders/3n/cwslyft56jg0_7yqvz8p_p5h0000gn/T/"/>
    <property name="java.version" value="23.0.1"/>
    <property name="user.dir" value="/Users/andres/Documents/TTU/uno"/>
    <property name="os.arch" value="aarch64"/>
    <property name="java.vm.specification.name" value="Java Virtual Machine Specification"/>
    <property name="native.encoding" value="UTF-8"/>
    <property name="java.library.path" value="/Users/andres/Library/Java/Extensions:/Library/Java/Extensions:/Network/Library/Java/Extensions:/System/Library/Java/Extensions:/usr/lib/java:."/>
    <property name="java.vm.info" value="mixed mode, sharing"/>
    <property name="stderr.encoding" value="UTF-8"/>
    <property name="java.vendor" value="Homebrew"/>
    <property name="java.vm.version" value="23.0.1"/>
    <property name="sun.io.unicode.encoding" value="UnicodeBig"/>
    <property name="socksNonProxyHosts" value="local|*.local|169.254/16|*.169.254/16"/>
    <property name="java.class.version" value="67.0"/>
  </properties>
  <testcase name="shouldAnswerWithTrue" classname="leomessi.uno.AppTest" time="0.002"/>
</testsuite>